<?xml version="1.0" encoding="UTF-8"?>
<robot generator="Robot 5.0 (Python 3.9.0 on win32)" generated="20220407 09:44:47.611" rpa="false" schemaversion="3">
<suite id="s1" name="Login" source="C:\Users\Leela\PycharmProjects\Robotframework_05\Tests\Facebook\FunctionalTestSuite\Login.robot">
<test id="s1-t1" name="Login Screen Test" line="6">
<kw name="Log" library="BuiltIn">
<arg>Hello</arg>
<doc>Logs the given message with the given level.</doc>
<msg timestamp="20220407 09:44:52.992" level="INFO">Hello</msg>
<status status="PASS" starttime="20220407 09:44:52.991" endtime="20220407 09:44:52.992"/>
</kw>
<doc>This is a login screen</doc>
<tag>Users</tag>
<status status="PASS" starttime="20220407 09:44:52.988" endtime="20220407 09:44:52.994"/>
</test>
<test id="s1-t2" name="Registration Screen Test" line="10">
<kw name="Log" library="BuiltIn">
<arg>Success</arg>
<doc>Logs the given message with the given level.</doc>
<msg timestamp="20220407 09:44:52.999" level="INFO">Success</msg>
<status status="PASS" starttime="20220407 09:44:52.999" endtime="20220407 09:44:53.000"/>
</kw>
<doc>This is the registration screen</doc>
<tag>users</tag>
<status status="PASS" starttime="20220407 09:44:52.997" endtime="20220407 09:44:53.001"/>
</test>
<test id="s1-t3" name="Admin Screen Test" line="15">
<kw name="Log" library="BuiltIn">
<arg>Admin</arg>
<doc>Logs the given message with the given level.</doc>
<msg timestamp="20220407 09:44:53.007" level="INFO">Admin</msg>
<status status="PASS" starttime="20220407 09:44:53.006" endtime="20220407 09:44:53.007"/>
</kw>
<doc>This page is for Admins</doc>
<tag>Admin</tag>
<status status="PASS" starttime="20220407 09:44:53.004" endtime="20220407 09:44:53.008"/>
</test>
<status status="PASS" starttime="20220407 09:44:47.620" endtime="20220407 09:44:53.011"/>
</suite>
<statistics>
<total>
<stat pass="3" fail="0" skip="0">All Tests</stat>
</total>
<tag>
<stat pass="1" fail="0" skip="0">Admin</stat>
<stat pass="2" fail="0" skip="0">Users</stat>
</tag>
<suite>
<stat pass="3" fail="0" skip="0" id="s1" name="Login">Login</stat>
</suite>
</statistics>
<errors>
</errors>
</robot>
