<?xml version="1.0" encoding="UTF-8"?>
<robot generator="Robot 5.0 (Python 3.9.0 on win32)" generated="20220407 10:59:17.321" rpa="false" schemaversion="3">
<suite id="s1" name="Login" source="C:\Users\Leela\PycharmProjects\Robotframework_05\Tests\Facebook\FunctionalTestSuite\Login.robot">
<test id="s1-t1" name="Login Screen Test" line="7">
<kw name="Log" library="BuiltIn">
<arg>Hello</arg>
<doc>Logs the given message with the given level.</doc>
<msg timestamp="20220407 10:59:20.431" level="INFO">Hello</msg>
<status status="PASS" starttime="20220407 10:59:20.431" endtime="20220407 10:59:20.431"/>
</kw>
<doc>This is a login screen</doc>
<tag>Users</tag>
<status status="PASS" starttime="20220407 10:59:20.431" endtime="20220407 10:59:20.441"/>
</test>
<test id="s1-t2" name="Registration Screen Test" line="11">
<kw name="Log" library="BuiltIn">
<arg>Success</arg>
<doc>Logs the given message with the given level.</doc>
<msg timestamp="20220407 10:59:20.456" level="INFO">Success</msg>
<status status="PASS" starttime="20220407 10:59:20.451" endtime="20220407 10:59:20.456"/>
</kw>
<doc>This is the registration screen</doc>
<tag>users</tag>
<status status="PASS" starttime="20220407 10:59:20.449" endtime="20220407 10:59:20.461"/>
</test>
<test id="s1-t3" name="Admin Screen Test" line="16">
<kw name="Log" library="BuiltIn">
<arg>Admin</arg>
<doc>Logs the given message with the given level.</doc>
<msg timestamp="20220407 10:59:20.471" level="INFO">Admin</msg>
<status status="PASS" starttime="20220407 10:59:20.471" endtime="20220407 10:59:20.476"/>
</kw>
<doc>This page is for Admins</doc>
<tag>Admin</tag>
<status status="PASS" starttime="20220407 10:59:20.466" endtime="20220407 10:59:20.481"/>
</test>
<test id="s1-t4" name="google test" line="21">
<kw name="Open Browser" library="SeleniumLibrary">
<arg>${web_url}</arg>
<arg>chrome</arg>
<doc>Opens a new browser instance to the optional ``url``.</doc>
<msg timestamp="20220407 10:59:20.491" level="INFO">Opening browser 'chrome' to base url 'https://www.google.com/'.</msg>
<status status="PASS" starttime="20220407 10:59:20.491" endtime="20220407 10:59:34.541"/>
</kw>
<kw name="Maximize Browser Window" library="SeleniumLibrary">
<doc>Maximizes current browser window.</doc>
<status status="PASS" starttime="20220407 10:59:34.541" endtime="20220407 10:59:34.843"/>
</kw>
<kw name="Input Text" library="SeleniumLibrary">
<arg>name:q</arg>
<arg>${search_p}</arg>
<doc>Types the given ``text`` into the text field identified by ``locator``.</doc>
<msg timestamp="20220407 10:59:34.851" level="INFO">Typing text 'Amazon.in' into text field 'name:q'.</msg>
<status status="PASS" starttime="20220407 10:59:34.851" endtime="20220407 10:59:35.152"/>
</kw>
<kw name="Submit Form" library="SeleniumLibrary">
<doc>Submits a form identified by ``locator``.</doc>
<msg timestamp="20220407 10:59:35.152" level="INFO">Submitting form 'None'.</msg>
<status status="PASS" starttime="20220407 10:59:35.152" endtime="20220407 10:59:40.207"/>
</kw>
<kw name="Close Browser" library="SeleniumLibrary">
<doc>Closes the current browser.</doc>
<status status="PASS" starttime="20220407 10:59:40.215" endtime="20220407 10:59:49.542"/>
</kw>
<doc>open google</doc>
<tag>internet</tag>
<status status="PASS" starttime="20220407 10:59:20.486" endtime="20220407 10:59:49.542"/>
</test>
<status status="PASS" starttime="20220407 10:59:17.336" endtime="20220407 10:59:49.552"/>
</suite>
<statistics>
<total>
<stat pass="4" fail="0" skip="0">All Tests</stat>
</total>
<tag>
<stat pass="1" fail="0" skip="0">Admin</stat>
<stat pass="1" fail="0" skip="0">internet</stat>
<stat pass="2" fail="0" skip="0">Users</stat>
</tag>
<suite>
<stat pass="4" fail="0" skip="0" id="s1" name="Login">Login</stat>
</suite>
</statistics>
<errors>
</errors>
</robot>
